<?xml version="1.0" encoding="UTF-8"?>
<!-- Generated by org.testng.reporters.JUnitXMLReporter -->
<testsuite hostname="DESKTOP-SQIIQB8" ignored="0" name="Test" tests="1" failures="1" timestamp="11 May 2020 09:08:10 GMT" time="13.453" errors="0">
  <testcase name="login" time="0.021" classname="com.testcases.LoginPageTest">
    <failure type="java.lang.NullPointerException">
      <![CDATA[java.lang.NullPointerException
at com.utility.Listener.onTestStart(Listener.java:21)
... Removed 22 stack frames]]>
    </failure>
  </testcase> <!-- login -->
</testsuite> <!-- Test -->
