<?xml version="1.0" encoding="UTF-8"?>
<!-- Generated by org.testng.reporters.JUnitXMLReporter -->
<testsuite hostname="DESKTOP-SQIIQB8" ignored="0" name="Test" tests="1" failures="1" timestamp="18 May 2020 06:03:51 GMT" time="54.004" errors="0">
  <testcase name="login" time="43.383" classname="com.testcases.LoginPageTest">
    <failure type="java.lang.AssertionError" message="expected [Online Shopping site in India: Shop Online for Mobiles, Books, Watches, Shoes and More - Amazon.in] but found [Authentication required]">
      <![CDATA[java.lang.AssertionError: expected [Online Shopping site in India: Shop Online for Mobiles, Books, Watches, Shoes and More - Amazon.in] but found [Authentication required]
at com.testcases.LoginPageTest.login(LoginPageTest.java:25)
... Removed 35 stack frames]]>
    </failure>
  </testcase> <!-- login -->
</testsuite> <!-- Test -->
