-------------------------------------------------------------------------------
Test set: TestSuite
-------------------------------------------------------------------------------
Tests run: 1, Failures: 1, Errors: 0, Skipped: 0, Time elapsed: 28.283 s <<< FAILURE! - in TestSuite
com.testcases.LoginPageTest.login  Time elapsed: 12.039 s  <<< FAILURE!
java.lang.AssertionError: expected [nline Shopping site in India: Shop Online for Mobiles, Books, Watches, Shoes and More - Amazon.in] but found [Online Shopping site in India: Shop Online for Mobiles, Books, Watches, Shoes and More - Amazon.in]
	at com.testcases.LoginPageTest.login(LoginPageTest.java:25)

