-------------------------------------------------------------------------------
Test set: TestSuite
-------------------------------------------------------------------------------
Tests run: 1, Failures: 1, Errors: 0, Skipped: 0, Time elapsed: 59.081 s <<< FAILURE! - in TestSuite
com.testcases.LoginPageTest.login  Time elapsed: 36.941 s  <<< FAILURE!
java.lang.AssertionError: expected [Online Shopping site in India: Shop Online for Mobiles, Books, Watches, Shoes and More - Amazon.in] but found [Authentication required]
	at com.testcases.LoginPageTest.login(LoginPageTest.java:25)

